#
# There is insufficient memory for the Java Runtime Environment to continue.
# Native memory allocation (malloc) failed to allocate 1238896 bytes for Chunk::new
# Possible reasons:
#   The system is out of physical RAM or swap space
#   In 32 bit mode, the process size limit was hit
# Possible solutions:
#   Reduce memory load on the system
#   Increase physical memory or swap space
#   Check if swap backing store is full
#   Use 64 bit Java on a 64 bit OS
#   Decrease Java heap size (-Xmx/-Xms)
#   Decrease number of Java threads
#   Decrease Java thread stack sizes (-Xss)
#   Set larger code cache with -XX:ReservedCodeCacheSize=
# This output file may be truncated or incomplete.
#
#  Out of Memory Error (allocation.cpp:390), pid=9464, tid=0x00000000000020f0
#
# JRE version: OpenJDK Runtime Environment (8.0_112-b06) (build 1.8.0_112-release-b06)
# Java VM: OpenJDK 64-Bit Server VM (25.112-b06 mixed mode windows-amd64 compressed oops)
# Failed to write core dump. Minidumps are not enabled by default on client versions of Windows
#

---------------  T H R E A D  ---------------

Current thread (0x0000000057f20000):  JavaThread "C2 CompilerThread1" daemon [_thread_in_native, id=8432, stack(0x0000000058820000,0x0000000058920000)]

Stack: [0x0000000058820000,0x0000000058920000]
[error occurred during error reporting (printing stack bounds), id 0xc0000005]

Native frames: (J=compiled Java code, j=interpreted, Vv=VM code, C=native code)


Current CompileTask:
C2: 125369 12017       4       com.android.utils.PositionXmlParser::getPositionHelper (757 bytes)


---------------  P R O C E S S  ---------------

Java Threads: ( => current thread )
  0x000000005e877800 JavaThread "Cache update executor" [_thread_blocked, id=8428, stack(0x000000005c3a0000,0x000000005c4a0000)]
  0x000000005e879000 JavaThread "Stdin handler" [_thread_blocked, id=9624, stack(0x000000005c6d0000,0x000000005c7d0000)]
  0x000000005e876800 JavaThread "Asynchronous log dispatcher for DefaultDaemonConnection: socket connection from /127.0.0.1:64226 to /127.0.0.1:64539" [_thread_blocked, id=9792, stack(0x000000005c520000,0x000000005c620000)]
  0x000000005e5f7000 JavaThread "Daemon worker Thread 2" [_thread_in_Java, id=10744, stack(0x0000000058920000,0x0000000058a20000)]
  0x000000005e5f6800 JavaThread "Cancel handler" [_thread_blocked, id=7576, stack(0x000000005c280000,0x000000005c380000)]
  0x000000005e5f5800 JavaThread "Handler for socket connection from /127.0.0.1:64226 to /127.0.0.1:64539" [_thread_in_native, id=4412, stack(0x000000005bf40000,0x000000005c040000)]
  0x000000005e5f5000 JavaThread "Daemon Thread 2" [_thread_blocked, id=7492, stack(0x000000005bdf0000,0x000000005bef0000)]
  0x000000005e5f3800 JavaThread "pool-2-thread-1" [_thread_blocked, id=6264, stack(0x000000005feb0000,0x000000005ffb0000)]
  0x000000005a195000 JavaThread "File lock request listener" [_thread_in_native, id=7172, stack(0x000000005ca30000,0x000000005cb30000)]
  0x0000000059fbe000 JavaThread "pool-1-thread-1" [_thread_blocked, id=2808, stack(0x000000005c170000,0x000000005c270000)]
  0x0000000059eff800 JavaThread "Incoming local TCP Connector on port 64226" [_thread_in_native, id=1780, stack(0x000000005ba20000,0x000000005bb20000)]
  0x0000000057f74000 JavaThread "Service Thread" daemon [_thread_blocked, id=5808, stack(0x0000000058c90000,0x0000000058d90000)]
  0x0000000057f71000 JavaThread "C1 CompilerThread2" daemon [_thread_in_vm, id=8352, stack(0x0000000058a20000,0x0000000058b20000)]
=>0x0000000057f20000 JavaThread "C2 CompilerThread1" daemon [_thread_in_native, id=8432, stack(0x0000000058820000,0x0000000058920000)]
  0x00000000073cb000 JavaThread "C2 CompilerThread0" daemon [_thread_in_native, id=11172, stack(0x0000000058640000,0x0000000058740000)]
  0x0000000057f08800 JavaThread "Attach Listener" daemon [_thread_blocked, id=10944, stack(0x0000000058360000,0x0000000058460000)]
  0x00000000073be000 JavaThread "Signal Dispatcher" daemon [_thread_blocked, id=8484, stack(0x00000000584c0000,0x00000000585c0000)]
  0x00000000073a7000 JavaThread "Finalizer" daemon [_thread_blocked, id=8656, stack(0x0000000057e00000,0x0000000057f00000)]
  0x0000000007360000 JavaThread "Reference Handler" daemon [_thread_blocked, id=8812, stack(0x0000000057c00000,0x0000000057d00000)]
  0x000000000260d800 JavaThread "main" [_thread_blocked, id=4852, stack(0x0000000002810000,0x0000000002910000)]

Other Threads:
  0x0000000007358800 VMThread [stack: 0x0000000057d00000,0x0000000057e00000] [id=11252]
  0x0000000057f78800 WatcherThread [stack: 0x0000000058e20000,0x0000000058f20000] [id=11120]

VM state:not at safepoint (normal execution)

VM Mutex/Monitor currently owned by a thread: None

Heap:
 PSYoungGen      total 449024K, used 286484K [0x00000000e0000000, 0x00000000fd880000, 0x0000000100000000)
  eden space 423424K, 61% used [0x00000000e0000000,0x00000000efec88b0,0x00000000f9d80000)
  from space 25600K, 99% used [0x00000000fbb00000,0x00000000fd3fc7f0,0x00000000fd400000)
  to   space 30208K, 0% used [0x00000000f9d80000,0x00000000f9d80000,0x00000000fbb00000)
 ParOldGen       total 113664K, used 47342K [0x00000000a0000000, 0x00000000a6f00000, 0x00000000e0000000)
  object space 113664K, 41% used [0x00000000a0000000,0x00000000a2e3b880,0x00000000a6f00000)
 Metaspace       used 66055K, capacity 69692K, committed 69888K, reserved 1110016K
  class space    used 8885K, capacity 9659K, committed 9728K, reserved 1048576K

Card table byte_map: [0x0000000002cd0000,0x0000000002fe0000] byte_map_base: 0x00000000027d0000

Marking Bits: (ParMarkBitMap*) 0x00000000080218f0
 Begin Bits: [0x00000000036d0000, 0x0000000004ed0000)
 End Bits:   [0x0000000004ed0000, 0x00000000066d0000)

Polling page: 0x0000000000230000

CodeCache: size=245760Kb used=35954Kb max_used=35954Kb free=209805Kb
 bounds [0x00000000080a0000, 0x000000000a3f0000, 0x00000000170a0000]
 total_blobs=11191 nmethods=10394 adapters=708
 compilation: enabled

Compilation events (10 events):
Event: 125.350 Thread 0x0000000057f71000 nmethod 12278 0x000000000a3d2dd0 code [0x000000000a3d3060, 0x000000000a3d4658]
Event: 125.350 Thread 0x0000000057f71000 12279       3       groovy.lang.GString::build (99 bytes)
Event: 125.350 Thread 0x0000000057f71000 nmethod 12279 0x000000000a3d5110 code [0x000000000a3d5300, 0x000000000a3d5ce8]
Event: 125.351 Thread 0x0000000057f71000 12280   !   3       groovy.lang.GString$plus::call (35 bytes)
Event: 125.351 Thread 0x0000000057f71000 nmethod 12280 0x000000000a3d6090 code [0x000000000a3d6280, 0x000000000a3d6a78]
Event: 125.351 Thread 0x0000000057f71000 12281   !   3       groovy.lang.Buildable$build::call (38 bytes)
Event: 125.351 Thread 0x0000000057f71000 nmethod 12281 0x000000000a3d6e90 code [0x000000000a3d7080, 0x000000000a3d78b8]
Event: 125.352 Thread 0x0000000057f71000 12282       3       groovy.xml.StreamingMarkupBuilder$_closure6$_closure12::doCall (530 bytes)
Event: 125.354 Thread 0x0000000057f71000 nmethod 12282 0x000000000a3d7cd0 code [0x000000000a3d83a0, 0x000000000a3dcc28]
Event: 125.354 Thread 0x0000000057f71000 12283  s    3       java.util.Hashtable::contains (66 bytes)

GC Heap History (10 events):
Event: 10.091 GC heap before
{Heap before GC invocations=11 (full 2):
 PSYoungGen      total 216576K, used 216546K [0x00000000e0000000, 0x00000000ee880000, 0x0000000100000000)
  eden space 204288K, 100% used [0x00000000e0000000,0x00000000ec780000,0x00000000ec780000)
  from space 12288K, 99% used [0x00000000ed500000,0x00000000ee0f8850,0x00000000ee100000)
  to   space 13824K, 0% used [0x00000000ec780000,0x00000000ec780000,0x00000000ed500000)
 ParOldGen       total 69632K, used 17564K [0x00000000a0000000, 0x00000000a4400000, 0x00000000e0000000)
  object space 69632K, 25% used [0x00000000a0000000,0x00000000a1127290,0x00000000a4400000)
 Metaspace       used 44896K, capacity 46174K, committed 46336K, reserved 1089536K
  class space    used 6033K, capacity 6335K, committed 6400K, reserved 1048576K
Event: 10.106 GC heap after
Heap after GC invocations=11 (full 2):
 PSYoungGen      total 218112K, used 13795K [0x00000000e0000000, 0x00000000f4300000, 0x0000000100000000)
  eden space 204288K, 0% used [0x00000000e0000000,0x00000000e0000000,0x00000000ec780000)
  from space 13824K, 99% used [0x00000000ec780000,0x00000000ed4f8c98,0x00000000ed500000)
  to   space 17408K, 0% used [0x00000000f3200000,0x00000000f3200000,0x00000000f4300000)
 ParOldGen       total 69632K, used 23307K [0x00000000a0000000, 0x00000000a4400000, 0x00000000e0000000)
  object space 69632K, 33% used [0x00000000a0000000,0x00000000a16c2f68,0x00000000a4400000)
 Metaspace       used 44896K, capacity 46174K, committed 46336K, reserved 1089536K
  class space    used 6033K, capacity 6335K, committed 6400K, reserved 1048576K
}
Event: 26.448 GC heap before
{Heap before GC invocations=12 (full 2):
 PSYoungGen      total 218112K, used 218083K [0x00000000e0000000, 0x00000000f4300000, 0x0000000100000000)
  eden space 204288K, 100% used [0x00000000e0000000,0x00000000ec780000,0x00000000ec780000)
  from space 13824K, 99% used [0x00000000ec780000,0x00000000ed4f8c98,0x00000000ed500000)
  to   space 17408K, 0% used [0x00000000f3200000,0x00000000f3200000,0x00000000f4300000)
 ParOldGen       total 69632K, used 23307K [0x00000000a0000000, 0x00000000a4400000, 0x00000000e0000000)
  object space 69632K, 33% used [0x00000000a0000000,0x00000000a16c2f68,0x00000000a4400000)
 Metaspace       used 56241K, capacity 58458K, committed 58624K, reserved 1099776K
  class space    used 7628K, capacity 8124K, committed 8192K, reserved 1048576K
Event: 26.504 GC heap after
Heap after GC invocations=12 (full 2):
 PSYoungGen      total 305152K, used 17403K [0x00000000e0000000, 0x00000000f4c00000, 0x0000000100000000)
  eden space 287744K, 0% used [0x00000000e0000000,0x00000000e0000000,0x00000000f1900000)
  from space 17408K, 99% used [0x00000000f3200000,0x00000000f42fefa0,0x00000000f4300000)
  to   space 25600K, 0% used [0x00000000f1900000,0x00000000f1900000,0x00000000f3200000)
 ParOldGen       total 69632K, used 39725K [0x00000000a0000000, 0x00000000a4400000, 0x00000000e0000000)
  object space 69632K, 57% used [0x00000000a0000000,0x00000000a26cb760,0x00000000a4400000)
 Metaspace       used 56241K, capacity 58458K, committed 58624K, reserved 1099776K
  class space    used 7628K, capacity 8124K, committed 8192K, reserved 1048576K
}
Event: 26.681 GC heap before
{Heap before GC invocations=13 (full 2):
 PSYoungGen      total 305152K, used 51183K [0x00000000e0000000, 0x00000000f4c00000, 0x0000000100000000)
  eden space 287744K, 11% used [0x00000000e0000000,0x00000000e20fcd00,0x00000000f1900000)
  from space 17408K, 99% used [0x00000000f3200000,0x00000000f42fefa0,0x00000000f4300000)
  to   space 25600K, 0% used [0x00000000f1900000,0x00000000f1900000,0x00000000f3200000)
 ParOldGen       total 69632K, used 39725K [0x00000000a0000000, 0x00000000a4400000, 0x00000000e0000000)
  object space 69632K, 57% used [0x00000000a0000000,0x00000000a26cb760,0x00000000a4400000)
 Metaspace       used 56881K, capacity 58972K, committed 59028K, reserved 1099776K
  class space    used 7723K, capacity 8168K, committed 8192K, reserved 1048576K
Event: 26.745 GC heap after
Heap after GC invocations=13 (full 2):
 PSYoungGen      total 313344K, used 4050K [0x00000000e0000000, 0x00000000fd400000, 0x0000000100000000)
  eden space 287744K, 0% used [0x00000000e0000000,0x00000000e0000000,0x00000000f1900000)
  from space 25600K, 15% used [0x00000000f1900000,0x00000000f1cf4b50,0x00000000f3200000)
  to   space 25600K, 0% used [0x00000000fbb00000,0x00000000fbb00000,0x00000000fd400000)
 ParOldGen       total 69632K, used 57022K [0x00000000a0000000, 0x00000000a4400000, 0x00000000e0000000)
  object space 69632K, 81% used [0x00000000a0000000,0x00000000a37af8c0,0x00000000a4400000)
 Metaspace       used 56881K, capacity 58972K, committed 59028K, reserved 1099776K
  class space    used 7723K, capacity 8168K, committed 8192K, reserved 1048576K
}
Event: 26.745 GC heap before
{Heap before GC invocations=14 (full 3):
 PSYoungGen      total 313344K, used 4050K [0x00000000e0000000, 0x00000000fd400000, 0x0000000100000000)
  eden space 287744K, 0% used [0x00000000e0000000,0x00000000e0000000,0x00000000f1900000)
  from space 25600K, 15% used [0x00000000f1900000,0x00000000f1cf4b50,0x00000000f3200000)
  to   space 25600K, 0% used [0x00000000fbb00000,0x00000000fbb00000,0x00000000fd400000)
 ParOldGen       total 69632K, used 57022K [0x00000000a0000000, 0x00000000a4400000, 0x00000000e0000000)
  object space 69632K, 81% used [0x00000000a0000000,0x00000000a37af8c0,0x00000000a4400000)
 Metaspace       used 56881K, capacity 58972K, committed 59028K, reserved 1099776K
  class space    used 7723K, capacity 8168K, committed 8192K, reserved 1048576K
Event: 27.073 GC heap after
Heap after GC invocations=14 (full 3):
 PSYoungGen      total 313344K, used 0K [0x00000000e0000000, 0x00000000fd400000, 0x0000000100000000)
  eden space 287744K, 0% used [0x00000000e0000000,0x00000000e0000000,0x00000000f1900000)
  from space 25600K, 0% used [0x00000000f1900000,0x00000000f1900000,0x00000000f3200000)
  to   space 25600K, 0% used [0x00000000fbb00000,0x00000000fbb00000,0x00000000fd400000)
 ParOldGen       total 113664K, used 45750K [0x00000000a0000000, 0x00000000a6f00000, 0x00000000e0000000)
  object space 113664K, 40% used [0x00000000a0000000,0x00000000a2cad968,0x00000000a6f00000)
 Metaspace       used 56881K, capacity 58972K, committed 59028K, reserved 1099776K
  class space    used 7723K, capacity 8168K, committed 8192K, reserved 1048576K
}
Event: 37.108 GC heap before
{Heap before GC invocations=15 (full 3):
 PSYoungGen      total 313344K, used 287744K [0x00000000e0000000, 0x00000000fd400000, 0x0000000100000000)
  eden space 287744K, 100% used [0x00000000e0000000,0x00000000f1900000,0x00000000f1900000)
  from space 25600K, 0% used [0x00000000f1900000,0x00000000f1900000,0x00000000f3200000)
  to   space 25600K, 0% used [0x00000000fbb00000,0x00000000fbb00000,0x00000000fd400000)
 ParOldGen       total 113664K, used 45750K [0x00000000a0000000, 0x00000000a6f00000, 0x00000000e0000000)
  object space 113664K, 40% used [0x00000000a0000000,0x00000000a2cad968,0x00000000a6f00000)
 Metaspace       used 62386K, capacity 65540K, committed 65792K, reserved 1105920K
  class space    used 8398K, capacity 9129K, committed 9216K, reserved 1048576K
Event: 37.134 GC heap after
Heap after GC invocations=15 (full 3):
 PSYoungGen      total 449024K, used 25585K [0x00000000e0000000, 0x00000000fd880000, 0x0000000100000000)
  eden space 423424K, 0% used [0x00000000e0000000,0x00000000e0000000,0x00000000f9d80000)
  from space 25600K, 99% used [0x00000000fbb00000,0x00000000fd3fc7f0,0x00000000fd400000)
  to   space 30208K, 0% used [0x00000000f9d80000,0x00000000f9d80000,0x00000000fbb00000)
 ParOldGen       total 113664K, used 47342K [0x00000000a0000000, 0x00000000a6f00000, 0x00000000e0000000)
  object space 113664K, 41% used [0x00000000a0000000,0x00000000a2e3b880,0x00000000a6f00000)
 Metaspace       used 62386K, capacity 65540K, committed 65792K, reserved 1105920K
  class space    used 8398K, capacity 9129K, committed 9216K, reserved 1048576K
}

Deoptimization events (10 events):
Event: 125.133 Thread 0x000000005e5f7000 Uncommon trap: reason=array_check action=maybe_recompile pc=0x000000000a343480 method=java.util.ComparableTimSort.binarySort([Ljava/lang/Object;III)V @ 193
Event: 125.141 Thread 0x000000005e5f7000 Uncommon trap: reason=array_check action=maybe_recompile pc=0x000000000a343480 method=java.util.ComparableTimSort.binarySort([Ljava/lang/Object;III)V @ 193
Event: 125.161 Thread 0x000000005e5f7000 Uncommon trap: reason=bimorphic action=maybe_recompile pc=0x0000000009a6764c method=groovy.lang.MetaClassImpl.filterPropertyMethod(Ljava/lang/Object;ZZ)Ljava/lang/Object; @ 165
Event: 125.164 Thread 0x000000005e5f7000 Uncommon trap: reason=speculate_class_check action=maybe_recompile pc=0x0000000008b04aa8 method=groovy.lang.MetaMethod.doMethodInvoke(Ljava/lang/Object;[Ljava/lang/Object;)Ljava/lang/Object; @ 9
Event: 125.164 Thread 0x000000005e5f7000 Uncommon trap: reason=speculate_class_check action=maybe_recompile pc=0x0000000008b04aa8 method=groovy.lang.MetaMethod.doMethodInvoke(Ljava/lang/Object;[Ljava/lang/Object;)Ljava/lang/Object; @ 9
Event: 125.254 Thread 0x000000005e5f7000 Uncommon trap: reason=unstable_if action=reinterpret pc=0x00000000090f85e0 method=java.util.Properties.getProperty(Ljava/lang/String;)Ljava/lang/String; @ 30
Event: 125.262 Thread 0x000000005e5f7000 Uncommon trap: reason=bimorphic action=maybe_recompile pc=0x000000000a07d280 method=java.util.Collections$UnmodifiableCollection.size()I @ 4
Event: 125.263 Thread 0x000000005e5f7000 Uncommon trap: reason=bimorphic action=maybe_recompile pc=0x000000000a07d280 method=java.util.Collections$UnmodifiableCollection.size()I @ 4
Event: 125.263 Thread 0x000000005e5f7000 Uncommon trap: reason=bimorphic action=maybe_recompile pc=0x000000000a07d280 method=java.util.Collections$UnmodifiableCollection.size()I @ 4
Event: 125.263 Thread 0x000000005e5f7000 Uncommon trap: reason=bimorphic action=maybe_recompile pc=0x000000000a07d280 method=java.util.Collections$UnmodifiableCollection.size()I @ 4

Internal exceptions (10 events):
Event: 125.160 Thread 0x000000005e5f7000 Exception <a 'java/lang/ClassNotFoundException': groovy/util/slurpersupport/Node$4Customizer> (0x00000000ef8143e8) thrown at [C:\src\android\AOSP-openjdk\external\jetbrains\jdk\hotspot\src\share\vm\classfile\systemDictionary.cpp, line 210]
Event: 125.161 Thread 0x000000005e5f7000 Exception <a 'java/lang/ClassNotFoundException': groovy/runtime/metaclass/[Ljava/lang/Object;MetaClass> (0x00000000ef8431f8) thrown at [C:\src\android\AOSP-openjdk\external\jetbrains\jdk\hotspot\src\share\vm\prims\jni.cpp, line 735]
Event: 125.161 Thread 0x000000005e5f7000 Exception <a 'java/lang/ClassNotFoundException': [Ljava/lang/Object;BeanInfo> (0x00000000ef848e88) thrown at [C:\src\android\AOSP-openjdk\external\jetbrains\jdk\hotspot\src\share\vm\prims\jni.cpp, line 735]
Event: 125.161 Thread 0x000000005e5f7000 Exception <a 'java/lang/ClassNotFoundException': [Ljava/lang/Object;BeanInfo> (0x00000000ef84a038) thrown at [C:\src\android\AOSP-openjdk\external\jetbrains\jdk\hotspot\src\share\vm\prims\jni.cpp, line 735]
Event: 125.161 Thread 0x000000005e5f7000 Exception <a 'java/lang/ClassNotFoundException': [Ljava/lang/Object;Customizer> (0x00000000ef84b3c0) thrown at [C:\src\android\AOSP-openjdk\external\jetbrains\jdk\hotspot\src\share\vm\prims\jni.cpp, line 735]
Event: 125.161 Thread 0x000000005e5f7000 Exception <a 'java/lang/ClassNotFoundException': [Ljava/lang/Object;Customizer> (0x00000000ef84c578) thrown at [C:\src\android\AOSP-openjdk\external\jetbrains\jdk\hotspot\src\share\vm\prims\jni.cpp, line 735]
Event: 125.177 Thread 0x000000005e5f7000 Exception <a 'java/lang/ClassNotFoundException': groovy/xml/streamingmarkupsupport/StreamingMarkupWriter$1BeanInfo> (0x00000000ef90df10) thrown at [C:\src\android\AOSP-openjdk\external\jetbrains\jdk\hotspot\src\share\vm\classfile\systemDictionary.cpp, line[©mûbK_@
Event: 125.178 Thread 0x000000005e5f7000 Exception <a 'java/lang/ClassNotFoundException': groovy/xml/streamingmarkupsupport/StreamingMarkupWriter$1Customizer> (0x00000000ef944a50) thrown at [C:\src\android\AOSP-openjdk\external\jetbrains\jdk\hotspot\src\share\vm\classfile\systemDictionary.cpp, liqf@M_@
Event: 125.207 Thread 0x000000005e5f7000 Exception <a 'java/lang/ClassNotFoundException': groovy/util/slurpersupport/NamespaceAwareHashMapBeanInfo> (0x00000000efa63748) thrown at [C:\src\android\AOSP-openjdk\external\jetbrains\jdk\hotspot\src\share\vm\classfile\systemDictionary.cpp, line 210]
Event: 125.208 Thread 0x000000005e5f7000 Exception <a 'java/lang/ClassNotFoundException': groovy/util/slurpersupport/NamespaceAwareHashMapCustomizer> (0x00000000efa99070) thrown at [C:\src\android\AOSP-openjdk\external\jetbrains\jdk\hotspot\src\share\vm\classfile\systemDictionary.cpp, line 210]

Events (10 events):
Event: 125.322 loading class com/sun/org/apache/xml/internal/serializer/WriterToUTF8Buffered
Event: 125.322 loading class com/sun/org/apache/xml/internal/serializer/WriterChain
Event: 125.322 loading class com/sun/org/apache/xml/internal/serializer/WriterChain done
Event: 125.322 loading class com/sun/org/apache/xml/internal/serializer/WriterToUTF8Buffered done
Event: 125.322 loading class com/sun/org/apache/xml/internal/serializer/WriterToASCI
Event: 125.322 loading class com/sun/org/apache/xml/internal/serializer/WriterToASCI done
Event: 125.323 Thread 0x000000005e5f7000 DEOPT PACKING pc=0x000000000831a784 sp=0x0000000058a1a710
Event: 125.323 Thread 0x000000005e5f7000 DEOPT UNPACKING pc=0x00000000080e75bf sp=0x0000000058a1a550 mode 0
Event: 125.323 Thread 0x000000005e5f7000 DEOPT PACKING pc=0x0000000009885704 sp=0x0000000058a1a980
Event: 125.323 Thread 0x000000005e5f7000 DEOPT UNPACKING pc=0x00000000080e75bf sp=0x0000000058a1a708 mode 0


Dynamic libraries:
0x000000013f620000 - 0x000000013f651000 	D:\as2.3\jre\bin\java.exe
0x0000000077af0000 - 0x0000000077c99000 	C:\Windows\SYSTEM32\ntdll.dll
0x00000000778d0000 - 0x00000000779ef000 	C:\Windows\system32\kernel32.dll
0x000007fefdbf0000 - 0x000007fefdc5b000 	C:\Windows\system32\KERNELBASE.dll
0x000007feffca0000 - 0x000007feffd7b000 	C:\Windows\system32\ADVAPI32.dll
0x000007feffb70000 - 0x000007feffc0f000 	C:\Windows\system32\msvcrt.dll
0x000007fefded0000 - 0x000007fefdeef000 	C:\Windows\SYSTEM32\sechost.dll
0x000007fefea60000 - 0x000007fefeb8d000 	C:\Windows\system32\RPCRT4.dll
0x00000000779f0000 - 0x0000000077aea000 	C:\Windows\system32\USER32.dll
0x000007fefde10000 - 0x000007fefde77000 	C:\Windows\system32\GDI32.dll
0x000007feffc10000 - 0x000007feffc1e000 	C:\Windows\system32\LPK.dll
0x000007fefe3b0000 - 0x000007fefe479000 	C:\Windows\system32\USP10.dll
0x000007fefc130000 - 0x000007fefc324000 	C:\Windows\WinSxS\amd64_microsoft.windows.common-controls_6595b64144ccf1df_6.0.7601.17514_none_fa396087175ac9ac\COMCTL32.dll
0x000007feffd80000 - 0x000007feffdf1000 	C:\Windows\system32\SHLWAPI.dll
0x000007fefea10000 - 0x000007fefea3e000 	C:\Windows\system32\IMM32.DLL
0x000007fefecd0000 - 0x000007fefedd9000 	C:\Windows\system32\MSCTF.dll
0x000000006e820000 - 0x000000006e8f2000 	D:\as2.3\jre\jre\bin\msvcr100.dll
0x0000000007860000 - 0x000000000809c000 	D:\as2.3\jre\jre\bin\server\jvm.dll
0x000007feecb70000 - 0x000007feecb79000 	C:\Windows\system32\WSOCK32.dll
0x000007fefde80000 - 0x000007fefdecd000 	C:\Windows\system32\WS2_32.dll
0x000007fefe960000 - 0x000007fefe968000 	C:\Windows\system32\NSI.dll
0x000007fefb3c0000 - 0x000007fefb3fb000 	C:\Windows\system32\WINMM.dll
0x000007fefcb40000 - 0x000007fefcb4c000 	C:\Windows\system32\VERSION.dll
0x0000000077cb0000 - 0x0000000077cb7000 	C:\Windows\system32\PSAPI.DLL
0x000007fef8fa0000 - 0x000007fef8faf000 	D:\as2.3\jre\jre\bin\verify.dll
0x000007fef86b0000 - 0x000007fef86d9000 	D:\as2.3\jre\jre\bin\java.dll
0x000007fef87a0000 - 0x000007fef87b6000 	D:\as2.3\jre\jre\bin\zip.dll
0x000007fefede0000 - 0x000007feffb68000 	C:\Windows\system32\SHELL32.dll
0x000007fefe070000 - 0x000007fefe273000 	C:\Windows\system32\ole32.dll
0x000007fefda40000 - 0x000007fefda4f000 	C:\Windows\system32\profapi.dll
0x000007fef8690000 - 0x000007fef86aa000 	D:\as2.3\jre\jre\bin\net.dll
0x000007fefd2b0000 - 0x000007fefd305000 	C:\Windows\system32\mswsock.dll
0x000007fefd2a0000 - 0x000007fefd2a7000 	C:\Windows\System32\wship6.dll
0x000007fef8670000 - 0x000007fef8681000 	D:\as2.3\jre\jre\bin\nio.dll
0x000007fef7230000 - 0x000007fef724e000 	C:\Users\ASUS\.gradle\native\23\windows-amd64\native-platform.dll
0x000007fefd310000 - 0x000007fefd327000 	C:\Windows\system32\CRYPTSP.dll
0x000007fefd010000 - 0x000007fefd057000 	C:\Windows\system32\rsaenh.dll
0x000007fefcd90000 - 0x000007fefcdae000 	C:\Windows\system32\USERENV.dll
0x000007fefd970000 - 0x000007fefd97f000 	C:\Windows\system32\CRYPTBASE.dll
0x000007fefaca0000 - 0x000007fefacc7000 	C:\Windows\system32\IPHLPAPI.DLL
0x000007fefac90000 - 0x000007fefac9b000 	C:\Windows\system32\WINNSI.DLL
0x000007fefabc0000 - 0x000007fefabd1000 	C:\Windows\system32\dhcpcsvc6.DLL
0x000007fefaba0000 - 0x000007fefabb8000 	C:\Windows\system32\dhcpcsvc.DLL
0x000007fef8f90000 - 0x000007fef8f9d000 	D:\as2.3\jre\jre\bin\management.dll
0x000007fefd910000 - 0x000007fefd967000 	C:\Windows\system32\apphelp.dll
0x000007fef7960000 - 0x000007fef7984000 	D:\as2.3\jre\jre\bin\sunec.dll
0x000007fefcb60000 - 0x000007fefcc74000 	C:\Windows\SysWOW64\ierd_tgp_lsp64.dll
0x000007fefcb50000 - 0x000007fefcb53000 	C:\Windows\system32\api-ms-win-core-synch-l1-2-0.DLL
0x000007fefcb30000 - 0x000007fefcb37000 	C:\Windows\System32\wshtcpip.dll
0x000007fefd130000 - 0x000007fefd18b000 	C:\Windows\system32\DNSAPI.dll
0x000007fef8fc0000 - 0x000007fef8fc8000 	C:\Windows\system32\rasadhlp.dll
0x000007fefab00000 - 0x000007fefab53000 	C:\Windows\System32\fwpuclnt.dll
0x000007fef7b30000 - 0x000007fef7b3b000 	D:\as2.3\jre\jre\bin\sunmscapi.dll
0x000007fefdc60000 - 0x000007fefddc7000 	C:\Windows\system32\CRYPT32.dll
0x000007fefdae0000 - 0x000007fefdaef000 	C:\Windows\system32\MSASN1.dll

VM Arguments:
jvm_args: -Xmx1536m -Dfile.encoding=GBK -Duser.country=CN -Duser.language=zh -Duser.variant 
java_command: org.gradle.launcher.daemon.bootstrap.GradleDaemon 3.3
java_class_path (initial): C:\Users\ASUS\.gradle\wrapper\dists\gradle-3.3-all\55gk2rcmfc6p2dg9u9ohc3hw9\gradle-3.3\lib\gradle-launcher-3.3.jar
Launcher Type: SUN_STANDARD

Environment Variables:
PATH=C:\ProgramData\Oracle\Java\javapath;C:\Program Files (x86)\Intel\iCLS Client\;C:\Program Files\Intel\iCLS Client\;C:\Windows\system32;C:\Windows;C:\Windows\System32\Wbem;C:\Windows\System32\WindowsPowerShell\v1.0\;C:\Program Files\Intel\Intel(R) Management Engine Components\DAL;C:\Program Files\Intel\Intel(R) Management Engine Components\IPT;C:\Program Files (x86)\Intel\Intel(R) Management Engine Components\DAL;C:\Program Files (x86)\Intel\Intel(R) Management Engine Components\IPT;C:\Program Files (x86)\Intel\OpenCL SDK\3.0\bin\x86;C:\Program Files (x86)\Intel\OpenCL SDK\3.0\bin\x64;C:\Program Files (x86)\NVIDIA Corporation\PhysX\Common;D:\git\Git\cmd;E:\flutter_sdk\flutter\bin;C:\Users\ASUS\AppData\Local\Programs\Python\Python36\Scripts\;C:\Users\ASUS\AppData\Local\Programs\Python\Python36\;C:\Users\ASUS\AppData\Local\Programs\Python\Python36-32\Scripts\;C:\Users\ASUS\AppData\Local\Programs\Python\Python36-32\
USERNAME=ASUS
OS=Windows_NT
PROCESSOR_IDENTIFIER=Intel64 Family 6 Model 158 Stepping 9, GenuineIntel



---------------  S Y S T E M  ---------------

OS: Windows 7 , 64 bit Build 7601 (6.1.7601.17514)

CPU:total 4 (4 cores per cpu, 1 threads per core) family 6 model 158 stepping 9, cmov, cx8, fxsr, mmx, sse, sse2, sse3, ssse3, sse4.1, sse4.2, popcnt, avx, avx2, aes, clmul, erms, rtm, 3dnowpref, lzcnt, tsc, tscinvbit, bmi1, bmi2, adx

Memory: 4k page, physical 8253440k(912572k free), swap 11323596k(5016k free)

vm_info: OpenJDK 64-Bit Server VM (25.112-b06) for windows-amd64 JRE (1.8.0_112-release-b06), built on Dec  8 2016 00:54:26 by "builder" with MS VC++ 10.0 (VS2010)

time: Tue Jul 10 16:49:27 2018
elapsed time: 125 seconds (0d 0h 2m 5s)

