#
# There is insufficient memory for the Java Runtime Environment to continue.
# Native memory allocation (malloc) failed to allocate 939536 bytes for Chunk::new
# Possible reasons:
#   The system is out of physical RAM or swap space
#   In 32 bit mode, the process size limit was hit
# Possible solutions:
#   Reduce memory load on the system
#   Increase physical memory or swap space
#   Check if swap backing store is full
#   Use 64 bit Java on a 64 bit OS
#   Decrease Java heap size (-Xmx/-Xms)
#   Decrease number of Java threads
#   Decrease Java thread stack sizes (-Xss)
#   Set larger code cache with -XX:ReservedCodeCacheSize=
# This output file may be truncated or incomplete.
#
#  Out of Memory Error (allocation.cpp:390), pid=4224, tid=0x0000000000001788
#
# JRE version: OpenJDK Runtime Environment (8.0_112-b06) (build 1.8.0_112-release-b06)
# Java VM: OpenJDK 64-Bit Server VM (25.112-b06 mixed mode windows-amd64 compressed oops)
# Failed to write core dump. Minidumps are not enabled by default on client versions of Windows
#

---------------  T H R E A D  ---------------

Current thread (0x00000000580cb000):  JavaThread "C2 CompilerThread0" daemon [_thread_in_native, id=6024, stack(0x0000000058850000,0x0000000058950000)]

Stack: [0x0000000058850000,0x0000000058950000]
[error occurred during error reporting (printing stack bounds), id 0xc0000005]

Native frames: (J=compiled Java code, j=interpreted, Vv=VM code, C=native code)


Current CompileTask:
C2:  18976 5495   !   4       java.net.URLClassLoader$1::run (63 bytes)


---------------  P R O C E S S  ---------------

Java Threads: ( => current thread )
  0x000000005e15a000 JavaThread "pool-2-thread-1" [_thread_blocked, id=8488, stack(0x0000000061240000,0x0000000061340000)]
  0x000000005a6fe000 JavaThread "File lock request listener" [_thread_in_native, id=9320, stack(0x000000005cc80000,0x000000005cd80000)]
  0x000000005a1ad800 JavaThread "Stdin handler" [_thread_blocked, id=5748, stack(0x000000005c910000,0x000000005ca10000)]
  0x000000005a1aa800 JavaThread "Asynchronous log dispatcher for DefaultDaemonConnection: socket connection from /127.0.0.1:54802 to /127.0.0.1:54803" [_thread_blocked, id=10132, stack(0x000000005c7a0000,0x000000005c8a0000)]
  0x000000005a1a8800 JavaThread "Daemon worker" [_thread_in_Java, id=9316, stack(0x000000005c5b0000,0x000000005c6b0000)]
  0x000000005a169000 JavaThread "Cancel handler" [_thread_blocked, id=10144, stack(0x000000005c3c0000,0x000000005c4c0000)]
  0x000000005a103800 JavaThread "pool-1-thread-1" [_thread_blocked, id=6800, stack(0x000000005c170000,0x000000005c270000)]
  0x000000005a102800 JavaThread "Handler for socket connection from /127.0.0.1:54802 to /127.0.0.1:54803" [_thread_in_native, id=728, stack(0x000000005bf80000,0x000000005c080000)]
  0x000000005a100000 JavaThread "Daemon" [_thread_blocked, id=10172, stack(0x0000000058d30000,0x0000000058e30000)]
  0x0000000059aeb000 JavaThread "Incoming local TCP Connector on port 54802" [_thread_in_native, id=9212, stack(0x000000005bb20000,0x000000005bc20000)]
  0x000000005815f000 JavaThread "Service Thread" daemon [_thread_blocked, id=8828, stack(0x0000000058c10000,0x0000000058d10000)]
  0x00000000580ea800 JavaThread "C1 CompilerThread2" daemon [_thread_blocked, id=7460, stack(0x0000000058a20000,0x0000000058b20000)]
  0x00000000580e5800 JavaThread "C2 CompilerThread1" daemon [_thread_in_native, id=9948, stack(0x00000000585e0000,0x00000000586e0000)]
=>0x00000000580cb000 JavaThread "C2 CompilerThread0" daemon [_thread_in_native, id=6024, stack(0x0000000058850000,0x0000000058950000)]
  0x00000000580c9800 JavaThread "Attach Listener" daemon [_thread_blocked, id=4116, stack(0x00000000586e0000,0x00000000587e0000)]
  0x00000000580c8800 JavaThread "Signal Dispatcher" daemon [_thread_blocked, id=9744, stack(0x00000000584d0000,0x00000000585d0000)]
  0x0000000056f79000 JavaThread "Finalizer" daemon [_thread_blocked, id=8988, stack(0x0000000057cb0000,0x0000000057db0000)]
  0x0000000056f30000 JavaThread "Reference Handler" daemon [_thread_blocked, id=8308, stack(0x0000000057fc0000,0x00000000580c0000)]
  0x000000000262d800 JavaThread "main" [_thread_blocked, id=8060, stack(0x0000000002980000,0x0000000002a80000)]

Other Threads:
  0x0000000056f28800 VMThread [stack: 0x0000000057df0000,0x0000000057ef0000] [id=5632]
  0x0000000058116800 WatcherThread [stack: 0x0000000058ec0000,0x0000000058fc0000] [id=9628]

VM state:not at safepoint (normal execution)

VM Mutex/Monitor currently owned by a thread: None

Heap:
 PSYoungGen      total 189952K, used 39103K [0x00000000e0000000, 0x00000000f2280000, 0x0000000100000000)
  eden space 173568K, 13% used [0x00000000e0000000,0x00000000e1637120,0x00000000ea980000)
  from space 16384K, 99% used [0x00000000ea980000,0x00000000eb978b08,0x00000000eb980000)
  to   space 18944K, 0% used [0x00000000f1000000,0x00000000f1000000,0x00000000f2280000)
 ParOldGen       total 87552K, used 19506K [0x00000000a0000000, 0x00000000a5580000, 0x00000000e0000000)
  object space 87552K, 22% used [0x00000000a0000000,0x00000000a130cbf8,0x00000000a5580000)
 Metaspace       used 45754K, capacity 46958K, committed 47232K, reserved 1089536K
  class space    used 6112K, capacity 6410K, committed 6528K, reserved 1048576K

Card table byte_map: [0x0000000002e40000,0x0000000003150000] byte_map_base: 0x0000000002940000

Marking Bits: (ParMarkBitMap*) 0x0000000007d218f0
 Begin Bits: [0x0000000003930000, 0x0000000005130000)
 End Bits:   [0x0000000005130000, 0x0000000006930000)

Polling page: 0x0000000000130000

CodeCache: size=245760Kb used=18240Kb max_used=18240Kb free=227519Kb
 bounds [0x0000000007da0000, 0x0000000008f90000, 0x0000000016da0000]
 total_blobs=5772 nmethods=5033 adapters=651
 compilation: enabled

Compilation events (10 events):
Event: 18.966 Thread 0x00000000580ea800 5641       3       jdk.internal.org.objectweb.asm.MethodVisitor::<init> (7 bytes)
Event: 18.966 Thread 0x00000000580ea800 nmethod 5641 0x0000000008f6fe50 code [0x0000000008f6ffe0, 0x0000000008f70328]
Event: 18.966 Thread 0x00000000580ea800 5642       3       jdk.internal.org.objectweb.asm.MethodWriter::visitMaxs (1159 bytes)
Event: 18.968 Thread 0x00000000580ea800 nmethod 5642 0x0000000008f70490 code [0x0000000008f70940, 0x0000000008f72f18]
Event: 18.968 Thread 0x00000000580ea800 5645       3       jdk.internal.org.objectweb.asm.MethodWriter::put (1599 bytes)
Event: 18.971 Thread 0x00000000580ea800 nmethod 5645 0x0000000008f75a10 code [0x0000000008f762c0, 0x0000000008f79d58]
Event: 18.971 Thread 0x00000000580ea800 5643       3       jdk.internal.org.objectweb.asm.MethodWriter::visitEnd (1 bytes)
Event: 18.971 Thread 0x00000000580ea800 nmethod 5643 0x0000000008f7c250 code [0x0000000008f7c3a0, 0x0000000008f7c4f0]
Event: 18.971 Thread 0x00000000580ea800 5644       3       jdk.internal.org.objectweb.asm.MethodWriter::getSize (838 bytes)
Event: 18.972 Thread 0x00000000580ea800 nmethod 5644 0x0000000008f7c550 code [0x0000000008f7c9c0, 0x0000000008f7eda8]

GC Heap History (10 events):
Event: 3.778 GC heap before
{Heap before GC invocations=5 (full 1):
 PSYoungGen      total 70656K, used 65536K [0x00000000e0000000, 0x00000000e8a00000, 0x0000000100000000)
  eden space 65536K, 100% used [0x00000000e0000000,0x00000000e4000000,0x00000000e4000000)
  from space 5120K, 0% used [0x00000000e4000000,0x00000000e4000000,0x00000000e4500000)
  to   space 5120K, 0% used [0x00000000e8500000,0x00000000e8500000,0x00000000e8a00000)
 ParOldGen       total 64000K, used 12830K [0x00000000a0000000, 0x00000000a3e80000, 0x00000000e0000000)
  object space 64000K, 20% used [0x00000000a0000000,0x00000000a0c87b28,0x00000000a3e80000)
 Metaspace       used 26486K, capacity 26970K, committed 27136K, reserved 1073152K
  class space    used 3645K, capacity 3780K, committed 3840K, reserved 1048576K
Event: 3.784 GC heap after
Heap after GC invocations=5 (full 1):
 PSYoungGen      total 114176K, used 5106K [0x00000000e0000000, 0x00000000e8a00000, 0x0000000100000000)
  eden space 109056K, 0% used [0x00000000e0000000,0x00000000e0000000,0x00000000e6a80000)
  from space 5120K, 99% used [0x00000000e8500000,0x00000000e89fcb08,0x00000000e8a00000)
  to   space 5120K, 0% used [0x00000000e8000000,0x00000000e8000000,0x00000000e8500000)
 ParOldGen       total 64000K, used 15745K [0x00000000a0000000, 0x00000000a3e80000, 0x00000000e0000000)
  object space 64000K, 24% used [0x00000000a0000000,0x00000000a0f60418,0x00000000a3e80000)
 Metaspace       used 26486K, capacity 26970K, committed 27136K, reserved 1073152K
  class space    used 3645K, capacity 3780K, committed 3840K, reserved 1048576K
}
Event: 5.612 GC heap before
{Heap before GC invocations=6 (full 1):
 PSYoungGen      total 114176K, used 110910K [0x00000000e0000000, 0x00000000e8a00000, 0x0000000100000000)
  eden space 109056K, 97% used [0x00000000e0000000,0x00000000e67530f0,0x00000000e6a80000)
  from space 5120K, 99% used [0x00000000e8500000,0x00000000e89fcb08,0x00000000e8a00000)
  to   space 5120K, 0% used [0x00000000e8000000,0x00000000e8000000,0x00000000e8500000)
 ParOldGen       total 64000K, used 15745K [0x00000000a0000000, 0x00000000a3e80000, 0x00000000e0000000)
  object space 64000K, 24% used [0x00000000a0000000,0x00000000a0f60418,0x00000000a3e80000)
 Metaspace       used 34505K, capacity 35316K, committed 35416K, reserved 1079296K
  class space    used 4647K, capacity 4858K, committed 4864K, reserved 1048576K
Event: 5.622 GC heap after
Heap after GC invocations=6 (full 1):
 PSYoungGen      total 136192K, used 5108K [0x00000000e0000000, 0x00000000ec800000, 0x0000000100000000)
  eden space 131072K, 0% used [0x00000000e0000000,0x00000000e0000000,0x00000000e8000000)
  from space 5120K, 99% used [0x00000000e8000000,0x00000000e84fd020,0x00000000e8500000)
  to   space 14848K, 0% used [0x00000000eb980000,0x00000000eb980000,0x00000000ec800000)
 ParOldGen       total 64000K, used 23095K [0x00000000a0000000, 0x00000000a3e80000, 0x00000000e0000000)
  object space 64000K, 36% used [0x00000000a0000000,0x00000000a168dc38,0x00000000a3e80000)
 Metaspace       used 34505K, capacity 35316K, committed 35416K, reserved 1079296K
  class space    used 4647K, capacity 4858K, committed 4864K, reserved 1048576K
}
Event: 5.622 GC heap before
{Heap before GC invocations=7 (full 2):
 PSYoungGen      total 136192K, used 5108K [0x00000000e0000000, 0x00000000ec800000, 0x0000000100000000)
  eden space 131072K, 0% used [0x00000000e0000000,0x00000000e0000000,0x00000000e8000000)
  from space 5120K, 99% used [0x00000000e8000000,0x00000000e84fd020,0x00000000e8500000)
  to   space 14848K, 0% used [0x00000000eb980000,0x00000000eb980000,0x00000000ec800000)
 ParOldGen       total 64000K, used 23095K [0x00000000a0000000, 0x00000000a3e80000, 0x00000000e0000000)
  object space 64000K, 36% used [0x00000000a0000000,0x00000000a168dc38,0x00000000a3e80000)
 Metaspace       used 34505K, capacity 35316K, committed 35416K, reserved 1079296K
  class space    used 4647K, capacity 4858K, committed 4864K, reserved 1048576K
Event: 5.673 GC heap after
Heap after GC invocations=7 (full 2):
 PSYoungGen      total 136192K, used 0K [0x00000000e0000000, 0x00000000ec800000, 0x0000000100000000)
  eden space 131072K, 0% used [0x00000000e0000000,0x00000000e0000000,0x00000000e8000000)
  from space 5120K, 0% used [0x00000000e8000000,0x00000000e8000000,0x00000000e8500000)
  to   space 14848K, 0% used [0x00000000eb980000,0x00000000eb980000,0x00000000ec800000)
 ParOldGen       total 87552K, used 18928K [0x00000000a0000000, 0x00000000a5580000, 0x00000000e0000000)
  object space 87552K, 21% used [0x00000000a0000000,0x00000000a127c1c8,0x00000000a5580000)
 Metaspace       used 34505K, capacity 35316K, committed 35416K, reserved 1079296K
  class space    used 4647K, capacity 4858K, committed 4864K, reserved 1048576K
}
Event: 10.589 GC heap before
{Heap before GC invocations=8 (full 2):
 PSYoungGen      total 136192K, used 131072K [0x00000000e0000000, 0x00000000ec800000, 0x0000000100000000)
  eden space 131072K, 100% used [0x00000000e0000000,0x00000000e8000000,0x00000000e8000000)
  from space 5120K, 0% used [0x00000000e8000000,0x00000000e8000000,0x00000000e8500000)
  to   space 14848K, 0% used [0x00000000eb980000,0x00000000eb980000,0x00000000ec800000)
 ParOldGen       total 87552K, used 18928K [0x00000000a0000000, 0x00000000a5580000, 0x00000000e0000000)
  object space 87552K, 21% used [0x00000000a0000000,0x00000000a127c1c8,0x00000000a5580000)
 Metaspace       used 43219K, capacity 44238K, committed 44544K, reserved 1087488K
  class space    used 5828K, capacity 6086K, committed 6144K, reserved 1048576K
Event: 10.608 GC heap after
Heap after GC invocations=8 (full 2):
 PSYoungGen      total 188416K, used 12688K [0x00000000e0000000, 0x00000000ee780000, 0x0000000100000000)
  eden space 173568K, 0% used [0x00000000e0000000,0x00000000e0000000,0x00000000ea980000)
  from space 14848K, 85% used [0x00000000eb980000,0x00000000ec5e4330,0x00000000ec800000)
  to   space 16384K, 0% used [0x00000000ea980000,0x00000000ea980000,0x00000000eb980000)
 ParOldGen       total 87552K, used 18936K [0x00000000a0000000, 0x00000000a5580000, 0x00000000e0000000)
  object space 87552K, 21% used [0x00000000a0000000,0x00000000a127e1c8,0x00000000a5580000)
 Metaspace       used 43219K, capacity 44238K, committed 44544K, reserved 1087488K
  class space    used 5828K, capacity 6086K, committed 6144K, reserved 1048576K
}
Event: 18.290 GC heap before
{Heap before GC invocations=9 (full 2):
 PSYoungGen      total 188416K, used 186256K [0x00000000e0000000, 0x00000000ee780000, 0x0000000100000000)
  eden space 173568K, 100% used [0x00000000e0000000,0x00000000ea980000,0x00000000ea980000)
  from space 14848K, 85% used [0x00000000eb980000,0x00000000ec5e4330,0x00000000ec800000)
  to   space 16384K, 0% used [0x00000000ea980000,0x00000000ea980000,0x00000000eb980000)
 ParOldGen       total 87552K, used 18936K [0x00000000a0000000, 0x00000000a5580000, 0x00000000e0000000)
  object space 87552K, 21% used [0x00000000a0000000,0x00000000a127e1c8,0x00000000a5580000)
 Metaspace       used 44916K, capacity 46066K, committed 46336K, reserved 1089536K
  class space    used 5991K, capacity 6289K, committed 6400K, reserved 1048576K
Event: 18.309 GC heap after
Heap after GC invocations=9 (full 2):
 PSYoungGen      total 189952K, used 16354K [0x00000000e0000000, 0x00000000f2280000, 0x0000000100000000)
  eden space 173568K, 0% used [0x00000000e0000000,0x00000000e0000000,0x00000000ea980000)
  from space 16384K, 99% used [0x00000000ea980000,0x00000000eb978b08,0x00000000eb980000)
  to   space 18944K, 0% used [0x00000000f1000000,0x00000000f1000000,0x00000000f2280000)
 ParOldGen       total 87552K, used 19506K [0x00000000a0000000, 0x00000000a5580000, 0x00000000e0000000)
  object space 87552K, 22% used [0x00000000a0000000,0x00000000a130cbf8,0x00000000a5580000)
 Metaspace       used 44916K, capacity 46066K, committed 46336K, reserved 1089536K
  class space    used 5991K, capacity 6289K, committed 6400K, reserved 1048576K
}

Deoptimization events (10 events):
Event: 18.309 Thread 0x0000000056f79000 Uncommon trap: reason=unstable_if action=reinterpret pc=0x000000000854a068 method=java.util.WeakHashMap.remove(Ljava/lang/Object;)Ljava/lang/Object; @ 67
Event: 18.309 Thread 0x0000000056f79000 Uncommon trap: reason=class_check action=maybe_recompile pc=0x0000000008539048 method=java.util.WeakHashMap.eq(Ljava/lang/Object;Ljava/lang/Object;)Z @ 7
Event: 18.309 Thread 0x0000000056f79000 Uncommon trap: reason=class_check action=maybe_recompile pc=0x0000000008539048 method=java.util.WeakHashMap.eq(Ljava/lang/Object;Ljava/lang/Object;)Z @ 7
Event: 18.309 Thread 0x0000000056f79000 Uncommon trap: reason=class_check action=maybe_recompile pc=0x0000000008539048 method=java.util.WeakHashMap.eq(Ljava/lang/Object;Ljava/lang/Object;)Z @ 7
Event: 18.362 Thread 0x000000005a1a8800 Uncommon trap: reason=unstable_if action=reinterpret pc=0x000000000862aa98 method=java.util.concurrent.ConcurrentHashMap.get(Ljava/lang/Object;)Ljava/lang/Object; @ 76
Event: 18.362 Thread 0x000000005a1a8800 Uncommon trap: reason=class_check action=maybe_recompile pc=0x00000000084b2510 method=java.util.concurrent.ConcurrentHashMap.putVal(Ljava/lang/Object;Ljava/lang/Object;Z)Ljava/lang/Object; @ 192
Event: 18.704 Thread 0x000000005a1a8800 Uncommon trap: reason=class_check action=maybe_recompile pc=0x0000000008b3e368 method=com.google.common.collect.AbstractMapBasedMultimap$WrappedCollection.refreshIfEmpty()V @ 59
Event: 18.704 Thread 0x000000005a1a8800 Uncommon trap: reason=class_check action=maybe_recompile pc=0x0000000008b3e368 method=com.google.common.collect.AbstractMapBasedMultimap$WrappedCollection.refreshIfEmpty()V @ 59
Event: 18.704 Thread 0x000000005a1a8800 Uncommon trap: reason=class_check action=maybe_recompile pc=0x0000000008b3e368 method=com.google.common.collect.AbstractMapBasedMultimap$WrappedCollection.refreshIfEmpty()V @ 59
Event: 18.704 Thread 0x000000005a1a8800 Uncommon trap: reason=class_check action=maybe_recompile pc=0x0000000008b3e368 method=com.google.common.collect.AbstractMapBasedMultimap$WrappedCollection.refreshIfEmpty()V @ 59

Internal exceptions (10 events):
Event: 18.475 Thread 0x000000005a1a8800 Exception <a 'java/lang/ClassNotFoundException': com/android/build/gradle/LibraryExtension_DecoratedBeanInfo> (0x00000000e0bbdd00) thrown at [C:\src\android\AOSP-openjdk\external\jetbrains\jdk\hotspot\src\share\vm\classfile\systemDictionary.cpp, line 210]
Event: 18.475 Thread 0x000000005a1a8800 Exception <a 'java/lang/ClassNotFoundException': com/android/build/gradle/LibraryExtensionBeanInfo> (0x00000000e0bcfcf8) thrown at [C:\src\android\AOSP-openjdk\external\jetbrains\jdk\hotspot\src\share\vm\classfile\systemDictionary.cpp, line 210]
Event: 18.476 Thread 0x000000005a1a8800 Exception <a 'java/lang/ClassNotFoundException': com/android/build/gradle/LibraryExtensionCustomizer> (0x00000000e0be27f8) thrown at [C:\src\android\AOSP-openjdk\external\jetbrains\jdk\hotspot\src\share\vm\classfile\systemDictionary.cpp, line 210]
Event: 18.476 Thread 0x000000005a1a8800 Exception <a 'java/lang/ClassNotFoundException': com/android/build/gradle/LibraryExtension_DecoratedCustomizer> (0x00000000e0c17a80) thrown at [C:\src\android\AOSP-openjdk\external\jetbrains\jdk\hotspot\src\share\vm\classfile\systemDictionary.cpp, line 210Û¥Yº…2@
Event: 18.522 Thread 0x000000005a1a8800 Exception <a 'java/lang/ClassNotFoundException': build_1ikr64zsxmdjrxo0qe5026r6c$_run_closure1$_closure4BeanInfo> (0x00000000e0d39948) thrown at [C:\src\android\AOSP-openjdk\external\jetbrains\jdk\hotspot\src\share\vm\classfile\systemDictionary.cpp, line 2ö7QðÑ…2@
Event: 18.523 Thread 0x000000005a1a8800 Exception <a 'java/lang/ClassNotFoundException': build_1ikr64zsxmdjrxo0qe5026r6c$_run_closure1$_closure4Customizer> (0x00000000e0d52268) thrown at [C:\src\android\AOSP-openjdk\external\jetbrains\jdk\hotspot\src\share\vm\classfile\systemDictionary.cpp, line?]ÎC†2@
Event: 18.524 Thread 0x000000005a1a8800 Exception <a 'java/lang/ClassNotFoundException': build_1ikr64zsxmdjrxo0qe5026r6c$_run_closure1BeanInfo> (0x00000000e0d86f98) thrown at [C:\src\android\AOSP-openjdk\external\jetbrains\jdk\hotspot\src\share\vm\classfile\systemDictionary.cpp, line 210]
Event: 18.525 Thread 0x000000005a1a8800 Exception <a 'java/lang/ClassNotFoundException': build_1ikr64zsxmdjrxo0qe5026r6c$_run_closure1Customizer> (0x00000000e0d9dd08) thrown at [C:\src\android\AOSP-openjdk\external\jetbrains\jdk\hotspot\src\share\vm\classfile\systemDictionary.cpp, line 210]
Event: 18.539 Thread 0x000000005a1a8800 Exception <a 'java/lang/ClassNotFoundException': org/gradle/api/plugins/MavenPluginConventionBeanInfo> (0x00000000e0df8b80) thrown at [C:\src\android\AOSP-openjdk\external\jetbrains\jdk\hotspot\src\share\vm\classfile\systemDictionary.cpp, line 210]
Event: 18.539 Thread 0x000000005a1a8800 Exception <a 'java/lang/ClassNotFoundException': org/gradle/api/plugins/MavenPluginConventionCustomizer> (0x00000000e0e19338) thrown at [C:\src\android\AOSP-openjdk\external\jetbrains\jdk\hotspot\src\share\vm\classfile\systemDictionary.cpp, line 210]

Events (10 events):
Event: 18.966 loading class com/google/common/collect/ImmutableList
Event: 18.966 loading class com/google/common/collect/ImmutableList done
Event: 18.966 loading class com/google/common/collect/ImmutableList$Builder
Event: 18.966 loading class com/google/common/collect/ImmutableList$Builder done
Event: 18.967 loading class com/android/builder/dependency/level2/Dependency
Event: 18.967 loading class com/android/builder/dependency/level2/Dependency done
Event: 18.967 loading class com/android/build/gradle/internal/dependency/FlatDependencyContainer
Event: 18.967 loading class com/android/build/gradle/internal/dependency/FlatDependencyContainer done
Event: 18.967 loading class java/util/IdentityHashMap$KeyIterator
Event: 18.967 loading class java/util/IdentityHashMap$IdentityHashMapIterator


Dynamic libraries:
0x000000013fb30000 - 0x000000013fb61000 	D:\as2.3\jre\bin\java.exe
0x00000000776e0000 - 0x0000000077889000 	C:\Windows\SYSTEM32\ntdll.dll
0x00000000774c0000 - 0x00000000775df000 	C:\Windows\system32\kernel32.dll
0x000007fefd990000 - 0x000007fefd9fb000 	C:\Windows\system32\KERNELBASE.dll
0x000007feff780000 - 0x000007feff85b000 	C:\Windows\system32\ADVAPI32.dll
0x000007fefdeb0000 - 0x000007fefdf4f000 	C:\Windows\system32\msvcrt.dll
0x000007fefef10000 - 0x000007fefef2f000 	C:\Windows\SYSTEM32\sechost.dll
0x000007feff5d0000 - 0x000007feff6fd000 	C:\Windows\system32\RPCRT4.dll
0x00000000775e0000 - 0x00000000776da000 	C:\Windows\system32\USER32.dll
0x000007feff980000 - 0x000007feff9e7000 	C:\Windows\system32\GDI32.dll
0x000007fefef30000 - 0x000007fefef3e000 	C:\Windows\system32\LPK.dll
0x000007fefdb50000 - 0x000007fefdc19000 	C:\Windows\system32\USP10.dll
0x000007fefbd70000 - 0x000007fefbf64000 	C:\Windows\WinSxS\amd64_microsoft.windows.common-controls_6595b64144ccf1df_6.0.7601.17514_none_fa396087175ac9ac\COMCTL32.dll
0x000007feff860000 - 0x000007feff8d1000 	C:\Windows\system32\SHLWAPI.dll
0x000007fefde80000 - 0x000007fefdeae000 	C:\Windows\system32\IMM32.DLL
0x000007feff180000 - 0x000007feff289000 	C:\Windows\system32\MSCTF.dll
0x00000000752f0000 - 0x00000000753c2000 	D:\as2.3\jre\jre\bin\msvcr100.dll
0x0000000007560000 - 0x0000000007d9c000 	D:\as2.3\jre\jre\bin\server\jvm.dll
0x000007feedbb0000 - 0x000007feedbb9000 	C:\Windows\system32\WSOCK32.dll
0x000007fefdc20000 - 0x000007fefdc6d000 	C:\Windows\system32\WS2_32.dll
0x000007fefece0000 - 0x000007fefece8000 	C:\Windows\system32\NSI.dll
0x000007fefafb0000 - 0x000007fefafeb000 	C:\Windows\system32\WINMM.dll
0x000007fefc730000 - 0x000007fefc73c000 	C:\Windows\system32\VERSION.dll
0x00000000778a0000 - 0x00000000778a7000 	C:\Windows\system32\PSAPI.DLL
0x000007fef8a10000 - 0x000007fef8a1f000 	D:\as2.3\jre\jre\bin\verify.dll
0x000007fef7280000 - 0x000007fef72a9000 	D:\as2.3\jre\jre\bin\java.dll
0x000007fef7a50000 - 0x000007fef7a66000 	D:\as2.3\jre\jre\bin\zip.dll
0x000007fefdf50000 - 0x000007fefecd8000 	C:\Windows\system32\SHELL32.dll
0x000007fefdc70000 - 0x000007fefde73000 	C:\Windows\system32\ole32.dll
0x000007fefd630000 - 0x000007fefd63f000 	C:\Windows\system32\profapi.dll
0x000007fef7a30000 - 0x000007fef7a4a000 	D:\as2.3\jre\jre\bin\net.dll
0x000007fefcea0000 - 0x000007fefcef5000 	C:\Windows\system32\mswsock.dll
0x000007fefce90000 - 0x000007fefce97000 	C:\Windows\System32\wship6.dll
0x000007fef7550000 - 0x000007fef7561000 	D:\as2.3\jre\jre\bin\nio.dll
0x000007fef6aa0000 - 0x000007fef6abe000 	C:\Users\ASUS\.gradle\native\23\windows-amd64\native-platform.dll
0x000007fefcf00000 - 0x000007fefcf17000 	C:\Windows\system32\CRYPTSP.dll
0x000007fefcc00000 - 0x000007fefcc47000 	C:\Windows\system32\rsaenh.dll
0x000007fefc980000 - 0x000007fefc99e000 	C:\Windows\system32\USERENV.dll
0x000007fefd560000 - 0x000007fefd56f000 	C:\Windows\system32\CRYPTBASE.dll
0x000007fefa8a0000 - 0x000007fefa8c7000 	C:\Windows\system32\IPHLPAPI.DLL
0x000007fefa880000 - 0x000007fefa88b000 	C:\Windows\system32\WINNSI.DLL
0x000007fefa690000 - 0x000007fefa6a1000 	C:\Windows\system32\dhcpcsvc6.DLL
0x000007fefa670000 - 0x000007fefa688000 	C:\Windows\system32\dhcpcsvc.DLL
0x000007fefbd30000 - 0x000007fefbd3d000 	D:\as2.3\jre\jre\bin\management.dll
0x000007fefd500000 - 0x000007fefd557000 	C:\Windows\system32\apphelp.dll

VM Arguments:
jvm_args: -Xmx1536m -Dfile.encoding=GBK -Duser.country=CN -Duser.language=zh -Duser.variant 
java_command: org.gradle.launcher.daemon.bootstrap.GradleDaemon 3.3
java_class_path (initial): C:\Users\ASUS\.gradle\wrapper\dists\gradle-3.3-all\55gk2rcmfc6p2dg9u9ohc3hw9\gradle-3.3\lib\gradle-launcher-3.3.jar
Launcher Type: SUN_STANDARD

Environment Variables:
PATH=C:\ProgramData\Oracle\Java\javapath;C:\Program Files (x86)\Intel\iCLS Client\;C:\Program Files\Intel\iCLS Client\;C:\Windows\system32;C:\Windows;C:\Windows\System32\Wbem;C:\Windows\System32\WindowsPowerShell\v1.0\;C:\Program Files\Intel\Intel(R) Management Engine Components\DAL;C:\Program Files\Intel\Intel(R) Management Engine Components\IPT;C:\Program Files (x86)\Intel\Intel(R) Management Engine Components\DAL;C:\Program Files (x86)\Intel\Intel(R) Management Engine Components\IPT;C:\Program Files (x86)\Intel\OpenCL SDK\3.0\bin\x86;C:\Program Files (x86)\Intel\OpenCL SDK\3.0\bin\x64;C:\Program Files (x86)\NVIDIA Corporation\PhysX\Common;D:\git\Git\cmd;E:\flutter_sdk\flutter\bin;C:\Users\ASUS\AppData\Local\Programs\Python\Python36\Scripts\;C:\Users\ASUS\AppData\Local\Programs\Python\Python36\;C:\Users\ASUS\AppData\Local\Programs\Python\Python36-32\Scripts\;C:\Users\ASUS\AppData\Local\Programs\Python\Python36-32\
USERNAME=ASUS
OS=Windows_NT
PROCESSOR_IDENTIFIER=Intel64 Family 6 Model 158 Stepping 9, GenuineIntel



---------------  S Y S T E M  ---------------

OS: Windows 7 , 64 bit Build 7601 (6.1.7601.17514)

CPU:total 4 (4 cores per cpu, 1 threads per core) family 6 model 158 stepping 9, cmov, cx8, fxsr, mmx, sse, sse2, sse3, ssse3, sse4.1, sse4.2, popcnt, avx, avx2, aes, clmul, erms, rtm, 3dnowpref, lzcnt, tsc, tscinvbit, bmi1, bmi2, adx

Memory: 4k page, physical 8253440k(415040k free), swap 11323596k(6748k free)

vm_info: OpenJDK 64-Bit Server VM (25.112-b06) for windows-amd64 JRE (1.8.0_112-release-b06), built on Dec  8 2016 00:54:26 by "builder" with MS VC++ 10.0 (VS2010)

time: Fri Jun 22 14:43:55 2018
elapsed time: 18 seconds (0d 0h 0m 18s)

